<?xml version="1.0" encoding="UTF-8"?>
<testsuite name="org.fpm.di.example.Example" tests="11" skipped="0" failures="0" errors="0" timestamp="2023-01-09T16:42:28" hostname="DESKTOP-8BL89CI" time="0.016">
  <properties/>
  <testcase name="shouldInjectSingleton" classname="org.fpm.di.example.Example" time="0.008"/>
  <testcase name="shouldBuildingInInjectDep5" classname="org.fpm.di.example.Example" time="0.004"/>
  <testcase name="shouldBuildingInInjectDep6" classname="org.fpm.di.example.Example" time="0.0"/>
  <testcase name="shouldBuildingInInjectDep7" classname="org.fpm.di.example.Example" time="0.0"/>
  <testcase name="shouldBuildInInjectDep" classname="org.fpm.di.example.Example" time="0.0"/>
  <testcase name="shouldInjectPrototype" classname="org.fpm.di.example.Example" time="0.0"/>
  <testcase name="shouldBuildInInjectDep2" classname="org.fpm.di.example.Example" time="0.0"/>
  <testcase name="shouldBuildInInjectDep3" classname="org.fpm.di.example.Example" time="0.0"/>
  <testcase name="shouldBuildInInjectDep4" classname="org.fpm.di.example.Example" time="0.0"/>
  <testcase name="shouldBuildInjectionGraph" classname="org.fpm.di.example.Example" time="0.0"/>
  <testcase name="shouldBuildInjectDependencies" classname="org.fpm.di.example.Example" time="0.0"/>
  <system-out><![CDATA[]]></system-out>
  <system-err><![CDATA[]]></system-err>
</testsuite>
